app/build/intermediates/manifest_merge_blame_file/debug/manifest-merger-blame-debug-report.txt
1<?xml version="1.0" encoding="utf-8"?>
2<manifest xmlns:android="http://schemas.android.com/apk/res/android"
3    package="com.example.first_android_app"
4    android:versionCode="1"
5    android:versionName="1.0" >
6
7    <uses-sdk
8        android:minSdkVersion="21"
8-->src/main/AndroidManifest.xml
9        android:targetSdkVersion="32" />
9-->src/main/AndroidManifest.xml
10
11    <application
11-->src/main/AndroidManifest.xml:6:5-30:19
12        android:allowBackup="true"
12-->src/main/AndroidManifest.xml:7:9-35
13        android:appComponentFactory="androidx.core.app.CoreComponentFactory"
13-->[androidx.core:core:1.7.0] AndroidManifest.xml:24:18-86
14        android:dataExtractionRules="@xml/data_extraction_rules"
14-->src/main/AndroidManifest.xml:8:9-65
15        android:debuggable="true"
16        android:fullBackupContent="@xml/backup_rules"
16-->src/main/AndroidManifest.xml:9:9-54
17        android:icon="@mipmap/ic_launcher"
17-->src/main/AndroidManifest.xml:10:9-43
18        android:label="@string/app_name"
18-->src/main/AndroidManifest.xml:11:9-41
19        android:roundIcon="@mipmap/ic_launcher_round"
19-->src/main/AndroidManifest.xml:12:9-54
20        android:supportsRtl="true"
20-->src/main/AndroidManifest.xml:13:9-35
21        android:testOnly="true" >
22        <activity
22-->src/main/AndroidManifest.xml:15:9-24:20
23            android:name="com.example.first_android_app.SplashScreen"
23-->src/main/AndroidManifest.xml:16:13-41
24            android:exported="true"
24-->src/main/AndroidManifest.xml:17:13-36
25            android:theme="@style/Theme.SplashScreen" >
25-->src/main/AndroidManifest.xml:18:13-54
26            <intent-filter>
26-->src/main/AndroidManifest.xml:19:13-23:29
27                <action android:name="android.intent.action.MAIN" />
27-->src/main/AndroidManifest.xml:20:17-69
27-->src/main/AndroidManifest.xml:20:25-66
28
29                <category android:name="android.intent.category.LAUNCHER" />
29-->src/main/AndroidManifest.xml:22:17-77
29-->src/main/AndroidManifest.xml:22:27-74
30            </intent-filter>
31        </activity>
32        <activity
32-->src/main/AndroidManifest.xml:26:9-29:20
33            android:name="com.example.first_android_app.MainActivity"
33-->src/main/AndroidManifest.xml:27:13-41
34            android:exported="false" >
34-->src/main/AndroidManifest.xml:28:13-37
35        </activity>
36    </application>
37
38</manifest>